###############################################################
#  Generated by:      Cadence Innovus 20.10-p004_1
#  OS:                Linux x86_64(Host ID ic51)
#  Generated on:      Wed Oct  5 22:31:58 2022
#  Design:            aes
#  Command:           report_route -summary > route.rpt
###############################################################


Statistics for design aes :

+-------------------+----------+
|   Design Metric   |   Count  |
+-------------------+----------+
|   Instances       |   44943  |
|   Nets            |   18702  |
|   Tri-State Nets  |       0  |
|   Degen nets      |    2647  |
|   Pins            |   63071  |
|   I/O Terminals   |      76  |
+-------------------+----------+


Net Pin Statistics :

+------------------+----------------+---------------+
|     Number of    |    Number of   |   Percentage  |
|  Connected Pins  |      Nets      |    of Nets    |
+------------------+----------------+---------------+
|              1   |         2647   |      14.154   |
|              2   |         9083   |      48.567   |
|              3   |         3849   |      20.581   |
|              4   |         1019   |       5.449   |
|              5   |          785   |       1.754   |
|              6   |          328   |       1.754   |
|              7   |          140   |       0.749   |
|              8   |          106   |       0.567   |
|              9   |           81   |       0.433   |
|           >=10   |          664   |       3.550   |
+------------------+----------------+---------------+


Wire Length Statistics :

+----------------+-----------------+
|   Layer Name   |   Wire Length   |
+----------------+-----------------+
|     metal1     |     8949.34 um  |
|     metal2     |    92698.72 um  |
|     metal3     |   114462.62 um  |
|     metal4     |    54458.46 um  |
|     metal5     |    28778.78 um  |
|     metal6     |    12840.24 um  |
|     metal7     |       76.64 um  |
|     metal8     |      347.76 um  |
|     metal9     |        0.00 um  |
|    metal10     |        0.00 um  |
+----------------+-----------------+
|     Total      |  312612.562 um  |
+----------------+-----------------+


Via Count Statistics :

+----------------+---------+
|  Via-cut Name  |  Count  |
+----------------+---------+
|     VIA01      |      0  |
|     VIA12      |  62760  |
|     VIA23      |  47797  |
|     VIA34      |  10275  |
|     VIA45      |   2719  |
|     VIA56      |   1008  |
|     VIA67      |     22  |
|     VIA78      |     19  |
|     VIA89      |      0  |
|     VIA910     |      0  |
+----------------+---------+
|     Total      | 124600  |
+----------------+---------+




*** Net length and connection length statistics (cell aes) ***

Total net length = 229405.188 (112338.675 117066.512)

Avg net length = 12.266 (sigma = 30.860)
Sqrt of avg square net length = 33.208

Avg connection length = 4.879 (sigma = 5.939)
Sqrt of avg square connection length = 7.686

Net and connection length distribution:

+-------------------------+------------------+-------------------+
|                         |  Number of Nets  |   Number of Nets  |
|      Length Range       |       with       |        with       |
|                         |    Wire Length   |  Fly-line Length  |
+-------------------------+------------------+-------------------+
|       0.00 um - 3.80 um |            8616  |            11993  |
|       3.80 um - 7.60 um |            4538  |             4092  |
|      7.60 um - 11.40 um |            1630  |             1155  |
|     11.40 um - 15.20 um |             839  |              523  |
|     15.20 um - 19.00 um |             548  |              289  |
|     19.00 um - 22.80 um |             344  |              214  |
|     22.80 um - 26.60 um |             306  |              143  |
|     26.60 um - 30.40 um |             216  |               83  |
|     30.40 um - 34.20 um |             195  |               48  |
|     34.20 um - 38.00 um |             178  |               34  |
|     38.00 um - 41.80 um |             150  |               19  |
|     41.80 um - 45.60 um |             156  |               23  |
|     45.60 um - 49.40 um |             129  |               17  |
|     49.40 um - 53.20 um |             115  |                8  |
|     53.20 um - 57.00 um |              67  |                7  |
|     57.00 um - 60.80 um |              54  |                8  |
|     60.80 um - 64.60 um |              36  |                6  |
|     64.60 um - 68.40 um |              33  |                7  |
|     68.40 um - 72.20 um |              27  |                4  |
|     72.20 um - 76.00 um |              17  |                7  |
|     76.00 um - 79.80 um |              23  |                2  |
|     79.80 um - 83.60 um |              22  |                4  |
|     83.60 um - 87.40 um |              19  |                1  |
|     87.40 um - 91.20 um |              22  |                3  |
|     91.20 um - 95.00 um |              13  |                1  |
|     95.00 um - 98.80 um |              21  |                2  |
|    98.80 um - 102.60 um |              22  |                4  |
|   102.60 um - 106.40 um |              19  |                3  |
|   106.40 um - 110.20 um |              18  |                1  |
|   110.20 um - 114.00 um |              21  |                0  |
|   114.00 um - 117.80 um |               9  |                0  |
|   117.80 um - 121.60 um |              14  |                0  |
|   121.60 um - 125.40 um |              11  |                0  |
|   125.40 um - 129.20 um |              17  |                0  |
|   129.20 um - 133.00 um |               9  |                0  |
|   133.00 um - 136.80 um |              12  |                0  |
|   136.80 um - 140.60 um |              13  |                1  |
|   140.60 um - 144.40 um |              19  |                0  |
|   144.40 um - 148.20 um |               6  |                0  |
|   148.20 um - 152.00 um |               6  |                0  |
|   152.00 um - 155.80 um |               6  |                0  |
|   155.80 um - 159.60 um |               4  |                0  |
|   159.60 um - 163.40 um |               8  |                0  |
|   163.40 um - 167.20 um |               6  |                0  |
|   167.20 um - 171.00 um |               2  |                0  |
|   171.00 um - 174.80 um |               3  |                0  |
|   174.80 um - 178.60 um |               2  |                0  |
|   178.60 um - 182.40 um |               6  |                0  |
|   182.40 um - 186.20 um |              16  |                0  |
|   186.20 um - 190.00 um |               9  |                0  |
|   190.00 um - 193.80 um |               4  |                0  |
|   193.80 um - 197.60 um |               8  |                0  |
|   197.60 um - 201.40 um |               5  |                0  |
|   201.40 um - 205.20 um |               3  |                0  |
|   205.20 um - 209.00 um |               4  |                0  |
|   209.00 um - 212.80 um |               5  |                0  |
|   212.80 um - 216.60 um |               6  |                0  |
|   216.60 um - 220.40 um |               4  |                0  |
|   224.20 um - 228.00 um |               3  |                0  |
|   228.00 um - 231.80 um |               2  |                0  |
|   231.80 um - 235.60 um |               1  |                0  |
|   235.60 um - 239.40 um |               2  |                0  |
|   239.40 um - 243.20 um |               1  |                0  |
|   243.20 um - 247.00 um |               3  |                0  |
|   250.80 um - 254.60 um |               4  |                0  |
|   254.60 um - 258.40 um |               1  |                0  |
|   258.40 um - 262.20 um |               3  |                0  |
|   262.20 um - 266.00 um |               3  |                0  |
|   273.60 um - 277.40 um |               2  |                0  |
|   277.40 um - 281.20 um |               2  |                0  |
|   285.00 um - 288.80 um |               2  |                0  |
|   288.80 um - 292.60 um |               2  |                0  |
|   292.60 um - 296.40 um |               4  |                0  |
|   296.40 um - 300.20 um |               2  |                0  |
|   300.20 um - 304.00 um |               1  |                0  |
|   304.00 um - 307.80 um |               5  |                0  |
|   307.80 um - 311.60 um |               3  |                0  |
|   311.60 um - 315.40 um |               1  |                0  |
|   315.40 um - 319.20 um |               2  |                0  |
|   319.20 um - 323.00 um |               1  |                0  |
|   323.00 um - 326.80 um |               1  |                0  |
|   326.80 um - 330.60 um |               2  |                0  |
|   334.40 um - 338.20 um |               1  |                0  |
|   338.20 um - 342.00 um |               2  |                0  |
|   342.00 um - 345.80 um |               2  |                0  |
|   349.60 um - 353.40 um |               2  |                0  |
|   353.40 um - 357.20 um |               1  |                0  |
|   357.20 um - 361.00 um |               4  |                0  |
|   361.00 um - 364.80 um |               2  |                0  |
|   364.80 um - 368.60 um |               2  |                0  |
|   368.60 um - 372.40 um |               1  |                0  |
|   372.40 um - 376.20 um |               2  |                0  |
| 752400.00 um - infinity |              19  |                0  |
+-------------------------+------------------+-------------------+


Total number of long connections = 0
Io: nrCon=0


