###############################################################
#  Generated by:      Cadence Innovus 20.10-p004_1
#  OS:                Linux x86_64(Host ID ic51)
#  Generated on:      Thu Oct 13 13:00:02 2022
#  Design:            aes
#  Command:           report_timing > timing.rpt
###############################################################
Path 1: VIOLATED Setup Check with Pin core_keymem_prev_key1_reg_reg[118]/CK 
Endpoint:   core_keymem_prev_key1_reg_reg[118]/D (^) checked with  leading edge 
of 'VCLK'
Beginpoint: keylen_reg_reg/QN                    (v) triggered by  leading edge 
of 'VCLK'
Path Groups: {VCLK}
Analysis View: generic_view
Other End Arrival Time          0.000
- Setup                         0.045
+ Phase Shift                   3.400
= Required Time                 3.355
- Arrival Time                  3.358
= Slack Time                   -0.002
     Clock Rise Edge                 0.000
     + Clock Network Latency (Ideal) 0.000
     = Beginpoint Arrival Time       0.000
     +--------------------------------------------------------------------------------------------+ 
     |              Instance              |     Arc      |   Cell    | Delay | Arrival | Required | 
     |                                    |              |           |       |  Time   |   Time   | 
     |------------------------------------+--------------+-----------+-------+---------+----------| 
     | keylen_reg_reg                     | CK ^         |           |       |   0.000 |   -0.002 | 
     | keylen_reg_reg                     | CK ^ -> QN v | DFFR_X2   | 0.159 |   0.159 |    0.157 | 
     | core_keymem_g154400                | A2 v -> ZN v | OR2_X2    | 0.173 |   0.332 |    0.330 | 
     | FE_DBTC2_core_keymem_n_113821      | A v -> ZN ^  | INV_X2    | 0.417 |   0.749 |    0.747 | 
     | core_keymem_g154276                | A1 ^ -> ZN ^ | AND2_X1   | 0.200 |   0.949 |    0.947 | 
     | core_keymem_g154190                | A1 ^ -> ZN ^ | AND2_X1   | 0.884 |   1.832 |    1.830 | 
     | FE_OFC389_core_keymem_n_112107     | A ^ -> ZN v  | INV_X1    | 0.217 |   2.049 |    2.047 | 
     | core_keymem_g155224                | A1 v -> ZN ^ | NAND2_X1  | 1.133 |   3.182 |    3.180 | 
     | core_keymem_g152326                | B1 ^ -> ZN v | AOI221_X1 | 0.101 |   3.284 |    3.281 | 
     | core_keymem_g151570                | A v -> ZN ^  | OAI221_X1 | 0.074 |   3.358 |    3.355 | 
     | core_keymem_prev_key1_reg_reg[118] | D ^          | DFFR_X1   | 0.000 |   3.358 |    3.355 | 
     +--------------------------------------------------------------------------------------------+ 

