###############################################################
#  Generated by:      Cadence Innovus 20.10-p004_1
#  OS:                Linux x86_64(Host ID ic51)
#  Generated on:      Thu Oct 13 12:39:30 2022
#  Design:            aes
#  Command:           report_timing > timing.rpt
###############################################################
Path 1: VIOLATED Setup Check with Pin core_keymem_prev_key1_reg_reg[118]/CK 
Endpoint:   core_keymem_prev_key1_reg_reg[118]/D (^) checked with  leading edge 
of 'VCLK'
Beginpoint: keylen_reg_reg/QN                    (v) triggered by  leading edge 
of 'VCLK'
Path Groups: {VCLK}
Analysis View: generic_view
Other End Arrival Time          0.000
- Setup                         0.044
+ Phase Shift                   3.400
= Required Time                 3.356
- Arrival Time                  3.364
= Slack Time                   -0.009
     Clock Rise Edge                 0.000
     + Clock Network Latency (Ideal) 0.000
     = Beginpoint Arrival Time       0.000
     +--------------------------------------------------------------------------------------------+ 
     |              Instance              |     Arc      |   Cell    | Delay | Arrival | Required | 
     |                                    |              |           |       |  Time   |   Time   | 
     |------------------------------------+--------------+-----------+-------+---------+----------| 
     | keylen_reg_reg                     | CK ^         |           |       |   0.000 |   -0.009 | 
     | keylen_reg_reg                     | CK ^ -> QN v | DFFR_X2   | 0.160 |   0.160 |    0.151 | 
     | core_keymem_g154400                | A2 v -> ZN v | OR2_X2    | 0.162 |   0.322 |    0.313 | 
     | FE_DBTC2_core_keymem_n_113821      | A v -> ZN ^  | INV_X2    | 0.403 |   0.725 |    0.716 | 
     | core_keymem_g154276                | A1 ^ -> ZN ^ | AND2_X1   | 0.297 |   1.022 |    1.013 | 
     | core_keymem_g154190                | A1 ^ -> ZN ^ | AND2_X1   | 0.882 |   1.903 |    1.895 | 
     | FE_OFC389_core_keymem_n_112107     | A ^ -> ZN v  | INV_X1    | 0.185 |   2.088 |    2.080 | 
     | core_keymem_g155224                | A1 v -> ZN ^ | NAND2_X1  | 1.120 |   3.209 |    3.200 | 
     | core_keymem_g152326                | B1 ^ -> ZN v | AOI221_X1 | 0.083 |   3.292 |    3.283 | 
     | core_keymem_g151570                | A v -> ZN ^  | OAI221_X1 | 0.073 |   3.364 |    3.356 | 
     | core_keymem_prev_key1_reg_reg[118] | D ^          | DFFR_X1   | 0.000 |   3.364 |    3.356 | 
     +--------------------------------------------------------------------------------------------+ 

