###############################################################
#  Generated by:      Cadence Innovus 20.10-p004_1
#  OS:                Linux x86_64(Host ID ic51)
#  Generated on:      Thu Oct 13 12:00:19 2022
#  Design:            aes
#  Command:           report_timing > timing.rpt
###############################################################
Path 1: MET Setup Check with Pin core_keymem_prev_key1_reg_reg[98]/CK 
Endpoint:   core_keymem_prev_key1_reg_reg[98]/D (^) checked with  leading edge 
of 'VCLK'
Beginpoint: keylen_reg_reg/QN                   (v) triggered by  leading edge 
of 'VCLK'
Path Groups: {VCLK}
Analysis View: generic_view
Other End Arrival Time          0.000
- Setup                         0.044
+ Phase Shift                   3.500
= Required Time                 3.456
- Arrival Time                  3.415
= Slack Time                    0.042
     Clock Rise Edge                 0.000
     + Clock Network Latency (Ideal) 0.000
     = Beginpoint Arrival Time       0.000
     +-------------------------------------------------------------------------------------------+ 
     |             Instance              |     Arc      |   Cell    | Delay | Arrival | Required | 
     |                                   |              |           |       |  Time   |   Time   | 
     |-----------------------------------+--------------+-----------+-------+---------+----------| 
     | keylen_reg_reg                    | CK ^         |           |       |   0.000 |    0.042 | 
     | keylen_reg_reg                    | CK ^ -> QN v | DFFR_X2   | 0.163 |   0.163 |    0.205 | 
     | core_keymem_g154400               | A2 v -> ZN v | OR2_X2    | 0.174 |   0.337 |    0.379 | 
     | FE_DBTC2_core_keymem_n_113821     | A v -> ZN ^  | INV_X2    | 0.432 |   0.770 |    0.811 | 
     | core_keymem_g154276               | A1 ^ -> ZN ^ | AND2_X1   | 0.185 |   0.955 |    0.997 | 
     | core_keymem_g154190               | A1 ^ -> ZN ^ | AND2_X1   | 0.895 |   1.850 |    1.892 | 
     | FE_OFC389_core_keymem_n_112107    | A ^ -> ZN v  | INV_X1    | 0.211 |   2.061 |    2.103 | 
     | core_keymem_g155224               | A1 v -> ZN ^ | NAND2_X1  | 1.170 |   3.231 |    3.273 | 
     | core_keymem_g152897               | C1 ^ -> ZN v | AOI221_X1 | 0.101 |   3.332 |    3.374 | 
     | core_keymem_g151923               | B v -> ZN ^  | OAI211_X1 | 0.083 |   3.415 |    3.456 | 
     | core_keymem_prev_key1_reg_reg[98] | D ^          | DFFR_X1   | 0.000 |   3.415 |    3.456 | 
     +-------------------------------------------------------------------------------------------+ 

