###############################################################
#  Generated by:      Cadence Innovus 20.10-p004_1
#  OS:                Linux x86_64(Host ID ic51)
#  Generated on:      Thu Oct 13 12:12:08 2022
#  Design:            aes
#  Command:           report_timing > timing.rpt
###############################################################
Path 1: VIOLATED Setup Check with Pin core_keymem_prev_key1_reg_reg[124]/CK 
Endpoint:   core_keymem_prev_key1_reg_reg[124]/D  (^) checked with  leading 
edge of 'VCLK'
Beginpoint: core_keymem_key_mem_ctrl_reg_reg[1]/Q (^) triggered by  leading 
edge of 'VCLK'
Path Groups: {VCLK}
Analysis View: generic_view
Other End Arrival Time          0.000
- Setup                         0.045
+ Phase Shift                   3.400
= Required Time                 3.355
- Arrival Time                  3.553
= Slack Time                   -0.197
     Clock Rise Edge                 0.000
     + Clock Network Latency (Ideal) 0.000
     = Beginpoint Arrival Time       0.000
     +---------------------------------------------------------------------------------------------+ 
     |              Instance               |     Arc      |   Cell    | Delay | Arrival | Required | 
     |                                     |              |           |       |  Time   |   Time   | 
     |-------------------------------------+--------------+-----------+-------+---------+----------| 
     | core_keymem_key_mem_ctrl_reg_reg[1] | CK ^         |           |       |   0.000 |   -0.197 | 
     | core_keymem_key_mem_ctrl_reg_reg[1] | CK ^ -> Q ^  | DFFR_X1   | 0.120 |   0.120 |   -0.078 | 
     | core_keymem_g154477                 | A2 ^ -> ZN v | NAND2_X1  | 0.056 |   0.176 |   -0.021 | 
     | core_keymem_g154400                 | A1 v -> ZN v | OR2_X2    | 0.135 |   0.311 |    0.113 | 
     | FE_DBTC2_core_keymem_n_113821       | A v -> ZN ^  | INV_X2    | 0.420 |   0.731 |    0.533 | 
     | core_keymem_g154276                 | A1 ^ -> ZN ^ | AND2_X1   | 0.287 |   1.017 |    0.820 | 
     | core_keymem_g154190                 | A1 ^ -> ZN ^ | AND2_X1   | 0.884 |   1.901 |    1.704 | 
     | FE_OFC389_core_keymem_n_112107      | A ^ -> ZN v  | INV_X1    | 0.283 |   2.185 |    1.987 | 
     | core_keymem_g155224                 | A1 v -> ZN ^ | NAND2_X1  | 1.205 |   3.390 |    3.192 | 
     | core_keymem_g152306                 | B1 ^ -> ZN v | AOI221_X1 | 0.086 |   3.475 |    3.278 | 
     | core_keymem_g151571                 | A v -> ZN ^  | OAI221_X1 | 0.077 |   3.553 |    3.355 | 
     | core_keymem_prev_key1_reg_reg[124]  | D ^          | DFFR_X1   | 0.000 |   3.553 |    3.355 | 
     +---------------------------------------------------------------------------------------------+ 

