###############################################################
#  Generated by:      Cadence Innovus 20.10-p004_1
#  OS:                Linux x86_64(Host ID ic51)
#  Generated on:      Wed Oct  5 22:21:53 2022
#  Design:            aes
#  Command:           report_timing > timing.rpt
###############################################################
Path 1: VIOLATED Setup Check with Pin core_keymem_prev_key1_reg_reg[124]/CK 
Endpoint:   core_keymem_prev_key1_reg_reg[124]/D (^) checked with  leading edge 
of 'VCLK'
Beginpoint: keylen_reg_reg/QN                    (v) triggered by  leading edge 
of 'VCLK'
Path Groups: {VCLK}
Analysis View: generic_view
Other End Arrival Time          0.000
- Setup                         0.045
+ Phase Shift                   3.200
= Required Time                 3.155
- Arrival Time                  3.444
= Slack Time                   -0.289
     Clock Rise Edge                 0.000
     + Clock Network Latency (Ideal) 0.000
     = Beginpoint Arrival Time       0.000
     +--------------------------------------------------------------------------------------------+ 
     |              Instance              |     Arc      |   Cell    | Delay | Arrival | Required | 
     |                                    |              |           |       |  Time   |   Time   | 
     |------------------------------------+--------------+-----------+-------+---------+----------| 
     | keylen_reg_reg                     | CK ^         |           |       |   0.000 |   -0.289 | 
     | keylen_reg_reg                     | CK ^ -> QN v | DFFR_X2   | 0.159 |   0.159 |   -0.129 | 
     | core_keymem_g154400                | A2 v -> ZN v | OR2_X2    | 0.174 |   0.333 |    0.044 | 
     | FE_DBTC2_core_keymem_n_113821      | A v -> ZN ^  | INV_X2    | 0.422 |   0.755 |    0.466 | 
     | core_keymem_g154276                | A1 ^ -> ZN ^ | AND2_X1   | 0.206 |   0.961 |    0.673 | 
     | core_keymem_g154190                | A1 ^ -> ZN ^ | AND2_X1   | 0.834 |   1.795 |    1.507 | 
     | FE_OFC389_core_keymem_n_112107     | A ^ -> ZN v  | INV_X1    | 0.261 |   2.056 |    1.768 | 
     | core_keymem_g155224                | A1 v -> ZN ^ | NAND2_X1  | 1.188 |   3.244 |    2.956 | 
     | core_keymem_g152306                | B1 ^ -> ZN v | AOI221_X1 | 0.124 |   3.368 |    3.080 | 
     | core_keymem_g151571                | A v -> ZN ^  | OAI221_X1 | 0.076 |   3.444 |    3.155 | 
     | core_keymem_prev_key1_reg_reg[124] | D ^          | DFFR_X1   | 0.000 |   3.444 |    3.155 | 
     +--------------------------------------------------------------------------------------------+ 

