###############################################################
#  Generated by:      Cadence Innovus 20.10-p004_1
#  OS:                Linux x86_64(Host ID ic51)
#  Generated on:      Thu Oct 13 12:05:25 2022
#  Design:            aes
#  Command:           report_timing > timing.rpt
###############################################################
Path 1: VIOLATED Setup Check with Pin core_keymem_prev_key1_reg_reg[118]/CK 
Endpoint:   core_keymem_prev_key1_reg_reg[118]/D (^) checked with  leading edge 
of 'VCLK'
Beginpoint: keylen_reg_reg/QN                    (v) triggered by  leading edge 
of 'VCLK'
Path Groups: {VCLK}
Analysis View: generic_view
Other End Arrival Time          0.000
- Setup                         0.045
+ Phase Shift                   3.500
= Required Time                 3.455
- Arrival Time                  3.513
= Slack Time                   -0.057
     Clock Rise Edge                 0.000
     + Clock Network Latency (Ideal) 0.000
     = Beginpoint Arrival Time       0.000
     +--------------------------------------------------------------------------------------------+ 
     |              Instance              |     Arc      |   Cell    | Delay | Arrival | Required | 
     |                                    |              |           |       |  Time   |   Time   | 
     |------------------------------------+--------------+-----------+-------+---------+----------| 
     | keylen_reg_reg                     | CK ^         |           |       |   0.000 |   -0.057 | 
     | keylen_reg_reg                     | CK ^ -> QN v | DFFR_X2   | 0.150 |   0.150 |    0.093 | 
     | core_keymem_g154400                | A2 v -> ZN v | OR2_X2    | 0.157 |   0.307 |    0.250 | 
     | FE_DBTC2_core_keymem_n_113821      | A v -> ZN ^  | INV_X2    | 0.420 |   0.727 |    0.670 | 
     | core_keymem_g154276                | A1 ^ -> ZN ^ | AND2_X1   | 0.269 |   0.996 |    0.939 | 
     | core_keymem_g154190                | A1 ^ -> ZN ^ | AND2_X1   | 0.792 |   1.789 |    1.731 | 
     | FE_OFC389_core_keymem_n_112107     | A ^ -> ZN v  | INV_X1    | 0.340 |   2.129 |    2.072 | 
     | core_keymem_g155224                | A1 v -> ZN ^ | NAND2_X1  | 1.219 |   3.348 |    3.291 | 
     | core_keymem_g152326                | B1 ^ -> ZN v | AOI221_X1 | 0.091 |   3.439 |    3.381 | 
     | core_keymem_g151570                | A v -> ZN ^  | OAI221_X1 | 0.074 |   3.513 |    3.455 | 
     | core_keymem_prev_key1_reg_reg[118] | D ^          | DFFR_X1   | 0.000 |   3.513 |    3.455 | 
     +--------------------------------------------------------------------------------------------+ 

