###############################################################
#  Generated by:      Cadence Innovus 20.10-p004_1
#  OS:                Linux x86_64(Host ID ic51)
#  Generated on:      Wed Oct  5 22:11:32 2022
#  Design:            aes
#  Command:           report_timing > timing.rpt
###############################################################
Path 1: VIOLATED Setup Check with Pin core_keymem_prev_key1_reg_reg[110]/CK 
Endpoint:   core_keymem_prev_key1_reg_reg[110]/D (^) checked with  leading edge 
of 'VCLK'
Beginpoint: keylen_reg_reg/QN                    (v) triggered by  leading edge 
of 'VCLK'
Path Groups: {VCLK}
Analysis View: generic_view
Other End Arrival Time          0.000
- Setup                         0.047
+ Phase Shift                   3.300
= Required Time                 3.253
- Arrival Time                  3.574
= Slack Time                   -0.321
     Clock Rise Edge                 0.000
     + Clock Network Latency (Ideal) 0.000
     = Beginpoint Arrival Time       0.000
     +--------------------------------------------------------------------------------------------+ 
     |              Instance              |     Arc      |   Cell    | Delay | Arrival | Required | 
     |                                    |              |           |       |  Time   |   Time   | 
     |------------------------------------+--------------+-----------+-------+---------+----------| 
     | keylen_reg_reg                     | CK ^         |           |       |   0.000 |   -0.321 | 
     | keylen_reg_reg                     | CK ^ -> QN v | DFFR_X2   | 0.162 |   0.162 |   -0.159 | 
     | core_keymem_g154400                | A2 v -> ZN v | OR2_X2    | 0.171 |   0.333 |    0.012 | 
     | FE_DBTC2_core_keymem_n_113821      | A v -> ZN ^  | INV_X2    | 0.445 |   0.778 |    0.457 | 
     | core_keymem_g154276                | A1 ^ -> ZN ^ | AND2_X1   | 0.210 |   0.989 |    0.668 | 
     | core_keymem_g154190                | A1 ^ -> ZN ^ | AND2_X1   | 0.909 |   1.898 |    1.577 | 
     | FE_OFC389_core_keymem_n_112107     | A ^ -> ZN v  | INV_X1    | 0.263 |   2.161 |    1.840 | 
     | core_keymem_g155224                | A1 v -> ZN ^ | NAND2_X1  | 1.162 |   3.323 |    3.002 | 
     | core_keymem_g152993                | C1 ^ -> ZN v | AOI221_X1 | 0.171 |   3.494 |    3.173 | 
     | core_keymem_g151929                | A v -> ZN ^  | OAI221_X1 | 0.080 |   3.574 |    3.253 | 
     | core_keymem_prev_key1_reg_reg[110] | D ^          | DFFR_X1   | 0.000 |   3.574 |    3.253 | 
     +--------------------------------------------------------------------------------------------+ 

