###############################################################
#  Generated by:      Cadence Innovus 20.10-p004_1
#  OS:                Linux x86_64(Host ID ic51)
#  Generated on:      Wed Oct  5 21:15:32 2022
#  Design:            aes
#  Command:           report_timing > timing.rpt
###############################################################
Path 1: MET Setup Check with Pin core_keymem_prev_key1_reg_reg[118]/CK 
Endpoint:   core_keymem_prev_key1_reg_reg[118]/D (^) checked with  leading edge 
of 'VCLK'
Beginpoint: keylen_reg_reg/QN                    (v) triggered by  leading edge 
of 'VCLK'
Path Groups: {VCLK}
Analysis View: generic_view
Other End Arrival Time          0.000
- Setup                         0.045
+ Phase Shift                   4.000
= Required Time                 3.955
- Arrival Time                  3.459
= Slack Time                    0.496
     Clock Rise Edge                 0.000
     + Clock Network Latency (Ideal) 0.000
     = Beginpoint Arrival Time       0.000
     +--------------------------------------------------------------------------------------------+ 
     |              Instance              |     Arc      |   Cell    | Delay | Arrival | Required | 
     |                                    |              |           |       |  Time   |   Time   | 
     |------------------------------------+--------------+-----------+-------+---------+----------| 
     | keylen_reg_reg                     | CK ^         |           |       |   0.000 |    0.496 | 
     | keylen_reg_reg                     | CK ^ -> QN v | DFFR_X2   | 0.159 |   0.159 |    0.656 | 
     | core_keymem_g154400                | A2 v -> ZN v | OR2_X2    | 0.160 |   0.319 |    0.816 | 
     | FE_DBTC2_core_keymem_n_113821      | A v -> ZN ^  | INV_X2    | 0.442 |   0.761 |    1.258 | 
     | core_keymem_g154276                | A1 ^ -> ZN ^ | AND2_X1   | 0.201 |   0.962 |    1.458 | 
     | core_keymem_g154190                | A1 ^ -> ZN ^ | AND2_X1   | 0.898 |   1.860 |    2.356 | 
     | FE_OFC389_core_keymem_n_112107     | A ^ -> ZN v  | INV_X1    | 0.220 |   2.080 |    2.576 | 
     | core_keymem_g155224                | A1 v -> ZN ^ | NAND2_X1  | 1.137 |   3.216 |    3.713 | 
     | core_keymem_g152326                | B1 ^ -> ZN v | AOI221_X1 | 0.166 |   3.383 |    3.879 | 
     | core_keymem_g151570                | A v -> ZN ^  | OAI221_X1 | 0.076 |   3.459 |    3.955 | 
     | core_keymem_prev_key1_reg_reg[118] | D ^          | DFFR_X1   | 0.000 |   3.459 |    3.955 | 
     +--------------------------------------------------------------------------------------------+ 

