###############################################################
#  Generated by:      Cadence Innovus 20.10-p004_1
#  OS:                Linux x86_64(Host ID ic51)
#  Generated on:      Thu Oct 13 12:07:02 2022
#  Design:            aes
#  Command:           report_timing > timing.rpt
###############################################################
Path 1: MET Setup Check with Pin core_keymem_prev_key1_reg_reg[98]/CK 
Endpoint:   core_keymem_prev_key1_reg_reg[98]/D (^) checked with  leading edge 
of 'VCLK'
Beginpoint: keylen_reg_reg/QN                   (v) triggered by  leading edge 
of 'VCLK'
Path Groups: {VCLK}
Analysis View: generic_view
Other End Arrival Time          0.000
- Setup                         0.044
+ Phase Shift                   3.500
= Required Time                 3.456
- Arrival Time                  3.371
= Slack Time                    0.086
     Clock Rise Edge                 0.000
     + Clock Network Latency (Ideal) 0.000
     = Beginpoint Arrival Time       0.000
     +-------------------------------------------------------------------------------------------+ 
     |             Instance              |     Arc      |   Cell    | Delay | Arrival | Required | 
     |                                   |              |           |       |  Time   |   Time   | 
     |-----------------------------------+--------------+-----------+-------+---------+----------| 
     | keylen_reg_reg                    | CK ^         |           |       |   0.000 |    0.086 | 
     | keylen_reg_reg                    | CK ^ -> QN v | DFFR_X2   | 0.165 |   0.165 |    0.251 | 
     | core_keymem_g154400               | A2 v -> ZN v | OR2_X2    | 0.177 |   0.342 |    0.428 | 
     | FE_DBTC2_core_keymem_n_113821     | A v -> ZN ^  | INV_X2    | 0.433 |   0.776 |    0.861 | 
     | core_keymem_g154276               | A1 ^ -> ZN ^ | AND2_X1   | 0.184 |   0.960 |    1.046 | 
     | core_keymem_g154190               | A1 ^ -> ZN ^ | AND2_X1   | 0.893 |   1.853 |    1.939 | 
     | FE_OFC389_core_keymem_n_112107    | A ^ -> ZN v  | INV_X1    | 0.206 |   2.059 |    2.145 | 
     | core_keymem_g155224               | A1 v -> ZN ^ | NAND2_X1  | 1.138 |   3.197 |    3.282 | 
     | core_keymem_g152897               | C1 ^ -> ZN v | AOI221_X1 | 0.090 |   3.287 |    3.373 | 
     | core_keymem_g151923               | B v -> ZN ^  | OAI211_X1 | 0.083 |   3.371 |    3.456 | 
     | core_keymem_prev_key1_reg_reg[98] | D ^          | DFFR_X1   | 0.000 |   3.371 |    3.456 | 
     +-------------------------------------------------------------------------------------------+ 

