###############################################################
#  Generated by:      Cadence Innovus 20.10-p004_1
#  OS:                Linux x86_64(Host ID ic51)
#  Generated on:      Tue Oct  4 21:06:14 2022
#  Design:            aes
#  Command:           report_timing > timing-medium_off.rpt
###############################################################
Path 1: MET Setup Check with Pin core_keymem_prev_key1_reg_reg[118]/CK 
Endpoint:   core_keymem_prev_key1_reg_reg[118]/D (^) checked with  leading edge 
of 'VCLK'
Beginpoint: keylen_reg_reg/QN                    (v) triggered by  leading edge 
of 'VCLK'
Path Groups: {VCLK}
Analysis View: generic_view
Other End Arrival Time          0.000
- Setup                         0.045
+ Phase Shift                  20.000
= Required Time                19.955
- Arrival Time                  3.609
= Slack Time                   16.346
     Clock Rise Edge                 0.000
     + Clock Network Latency (Ideal) 0.000
     = Beginpoint Arrival Time       0.000
     +--------------------------------------------------------------------------------------------+ 
     |              Instance              |     Arc      |   Cell    | Delay | Arrival | Required | 
     |                                    |              |           |       |  Time   |   Time   | 
     |------------------------------------+--------------+-----------+-------+---------+----------| 
     | keylen_reg_reg                     | CK ^         |           |       |   0.000 |   16.346 | 
     | keylen_reg_reg                     | CK ^ -> QN v | DFFR_X2   | 0.164 |   0.164 |   16.510 | 
     | core_keymem_g154400                | A2 v -> ZN v | OR2_X2    | 0.176 |   0.340 |   16.686 | 
     | FE_DBTC2_core_keymem_n_113821      | A v -> ZN ^  | INV_X2    | 0.441 |   0.781 |   17.127 | 
     | core_keymem_g154276                | A1 ^ -> ZN ^ | AND2_X1   | 0.213 |   0.994 |   17.340 | 
     | core_keymem_g154190                | A1 ^ -> ZN ^ | AND2_X1   | 0.887 |   1.881 |   18.227 | 
     | FE_OFC389_core_keymem_n_112107     | A ^ -> ZN v  | INV_X1    | 0.288 |   2.169 |   18.515 | 
     | core_keymem_g155224                | A1 v -> ZN ^ | NAND2_X1  | 1.270 |   3.439 |   19.785 | 
     | core_keymem_g152326                | B1 ^ -> ZN v | AOI221_X1 | 0.094 |   3.533 |   19.879 | 
     | core_keymem_g151570                | A v -> ZN ^  | OAI221_X1 | 0.077 |   3.609 |   19.955 | 
     | core_keymem_prev_key1_reg_reg[118] | D ^          | DFFR_X1   | 0.000 |   3.609 |   19.955 | 
     +--------------------------------------------------------------------------------------------+ 

