###############################################################
#  Generated by:      Cadence Innovus 20.10-p004_1
#  OS:                Linux x86_64(Host ID ic51)
#  Generated on:      Thu Oct 13 12:28:27 2022
#  Design:            aes
#  Command:           report_timing > timing.rpt
###############################################################
Path 1: VIOLATED Setup Check with Pin core_keymem_prev_key1_reg_reg[35]/CK 
Endpoint:   core_keymem_prev_key1_reg_reg[35]/D (^) checked with  leading edge 
of 'VCLK'
Beginpoint: keylen_reg_reg/QN                   (v) triggered by  leading edge 
of 'VCLK'
Path Groups: {VCLK}
Analysis View: generic_view
Other End Arrival Time          0.000
- Setup                         0.047
+ Phase Shift                   3.500
= Required Time                 3.453
- Arrival Time                  3.491
= Slack Time                   -0.038
     Clock Rise Edge                 0.000
     + Clock Network Latency (Ideal) 0.000
     = Beginpoint Arrival Time       0.000
     +-------------------------------------------------------------------------------------------+ 
     |             Instance              |     Arc      |   Cell    | Delay | Arrival | Required | 
     |                                   |              |           |       |  Time   |   Time   | 
     |-----------------------------------+--------------+-----------+-------+---------+----------| 
     | keylen_reg_reg                    | CK ^         |           |       |   0.000 |   -0.038 | 
     | keylen_reg_reg                    | CK ^ -> QN v | DFFR_X2   | 0.155 |   0.155 |    0.117 | 
     | core_keymem_g154400               | A2 v -> ZN v | OR2_X2    | 0.153 |   0.308 |    0.270 | 
     | FE_DBTC2_core_keymem_n_113821     | A v -> ZN ^  | INV_X2    | 0.443 |   0.752 |    0.714 | 
     | core_keymem_g154276               | A1 ^ -> ZN ^ | AND2_X1   | 0.231 |   0.983 |    0.945 | 
     | core_keymem_g154190               | A1 ^ -> ZN ^ | AND2_X1   | 0.854 |   1.836 |    1.798 | 
     | FE_OFC389_core_keymem_n_112107    | A ^ -> ZN v  | INV_X1    | 0.275 |   2.111 |    2.073 | 
     | core_keymem_g155224               | A1 v -> ZN ^ | NAND2_X1  | 1.078 |   3.189 |    3.151 | 
     | core_keymem_g152934               | C1 ^ -> ZN v | AOI221_X1 | 0.224 |   3.413 |    3.375 | 
     | core_keymem_g151575               | A v -> ZN ^  | OAI221_X1 | 0.077 |   3.491 |    3.453 | 
     | core_keymem_prev_key1_reg_reg[35] | D ^          | DFFR_X1   | 0.000 |   3.491 |    3.453 | 
     +-------------------------------------------------------------------------------------------+ 

