###############################################################
#  Generated by:      Cadence Innovus 20.10-p004_1
#  OS:                Linux x86_64(Host ID ic51)
#  Generated on:      Wed Oct  5 21:36:44 2022
#  Design:            aes
#  Command:           report_route -summary > route.rpt
###############################################################


Statistics for design aes :

+-------------------+----------+
|   Design Metric   |   Count  |
+-------------------+----------+
|   Instances       |   45082  |
|   Nets            |   18702  |
|   Tri-State Nets  |       0  |
|   Degen nets      |    2647  |
|   Pins            |   63071  |
|   I/O Terminals   |      76  |
+-------------------+----------+


Net Pin Statistics :

+------------------+----------------+---------------+
|     Number of    |    Number of   |   Percentage  |
|  Connected Pins  |      Nets      |    of Nets    |
+------------------+----------------+---------------+
|              1   |         2647   |      14.154   |
|              2   |         9083   |      48.567   |
|              3   |         3849   |      20.581   |
|              4   |         1019   |       5.449   |
|              5   |          785   |       1.754   |
|              6   |          328   |       1.754   |
|              7   |          140   |       0.749   |
|              8   |          106   |       0.567   |
|              9   |           81   |       0.433   |
|           >=10   |          664   |       3.550   |
+------------------+----------------+---------------+


Wire Length Statistics :

+----------------+-----------------+
|   Layer Name   |   Wire Length   |
+----------------+-----------------+
|     metal1     |     8808.72 um  |
|     metal2     |    92157.26 um  |
|     metal3     |   112522.49 um  |
|     metal4     |    51889.74 um  |
|     metal5     |    30120.58 um  |
|     metal6     |    14930.72 um  |
|     metal7     |      259.00 um  |
|     metal8     |     1147.44 um  |
|     metal9     |        0.00 um  |
|    metal10     |        0.00 um  |
+----------------+-----------------+
|     Total      |  311835.948 um  |
+----------------+-----------------+


Via Count Statistics :

+----------------+---------+
|  Via-cut Name  |  Count  |
+----------------+---------+
|     VIA01      |      0  |
|     VIA12      |  62753  |
|     VIA23      |  47601  |
|     VIA34      |  10331  |
|     VIA45      |   2911  |
|     VIA56      |   1220  |
|     VIA67      |     80  |
|     VIA78      |     68  |
|     VIA89      |      0  |
|     VIA910     |      0  |
+----------------+---------+
|     Total      | 124964  |
+----------------+---------+




*** Net length and connection length statistics (cell aes) ***

Total net length = 229412.413 (112334.870 117077.542)

Avg net length = 12.267 (sigma = 30.850)
Sqrt of avg square net length = 33.199

Avg connection length = 4.879 (sigma = 5.950)
Sqrt of avg square connection length = 7.695

Net and connection length distribution:

+-------------------------+------------------+-------------------+
|                         |  Number of Nets  |   Number of Nets  |
|      Length Range       |       with       |        with       |
|                         |    Wire Length   |  Fly-line Length  |
+-------------------------+------------------+-------------------+
|       0.00 um - 3.80 um |            8720  |            12090  |
|       3.80 um - 7.60 um |            4435  |             4006  |
|      7.60 um - 11.40 um |            1629  |             1160  |
|     11.40 um - 15.20 um |             817  |              503  |
|     15.20 um - 19.00 um |             537  |              289  |
|     19.00 um - 22.80 um |             380  |              218  |
|     22.80 um - 26.60 um |             269  |              132  |
|     26.60 um - 30.40 um |             247  |               89  |
|     30.40 um - 34.20 um |             209  |               48  |
|     34.20 um - 38.00 um |             170  |               42  |
|     38.00 um - 41.80 um |             159  |               19  |
|     41.80 um - 45.60 um |             161  |               23  |
|     45.60 um - 49.40 um |             142  |               11  |
|     49.40 um - 53.20 um |             100  |               10  |
|     53.20 um - 57.00 um |              62  |                7  |
|     57.00 um - 60.80 um |              49  |                5  |
|     60.80 um - 64.60 um |              31  |                6  |
|     64.60 um - 68.40 um |              32  |                9  |
|     68.40 um - 72.20 um |              22  |                7  |
|     72.20 um - 76.00 um |              22  |                3  |
|     76.00 um - 79.80 um |              23  |                5  |
|     79.80 um - 83.60 um |              22  |                3  |
|     83.60 um - 87.40 um |              23  |                3  |
|     87.40 um - 91.20 um |              18  |                3  |
|     91.20 um - 95.00 um |              15  |                1  |
|     95.00 um - 98.80 um |              15  |                2  |
|    98.80 um - 102.60 um |              26  |                1  |
|   102.60 um - 106.40 um |              25  |                4  |
|   106.40 um - 110.20 um |              18  |                2  |
|   110.20 um - 114.00 um |              17  |                0  |
|   114.00 um - 117.80 um |              12  |                0  |
|   117.80 um - 121.60 um |              13  |                0  |
|   121.60 um - 125.40 um |               9  |                0  |
|   125.40 um - 129.20 um |               7  |                0  |
|   129.20 um - 133.00 um |              17  |                0  |
|   133.00 um - 136.80 um |              10  |                0  |
|   136.80 um - 140.60 um |               8  |                0  |
|   140.60 um - 144.40 um |              26  |                1  |
|   144.40 um - 148.20 um |               6  |                0  |
|   148.20 um - 152.00 um |               6  |                0  |
|   152.00 um - 155.80 um |               5  |                0  |
|   155.80 um - 159.60 um |               9  |                0  |
|   159.60 um - 163.40 um |               6  |                0  |
|   163.40 um - 167.20 um |               7  |                0  |
|   167.20 um - 171.00 um |               3  |                0  |
|   171.00 um - 174.80 um |               6  |                0  |
|   174.80 um - 178.60 um |               5  |                0  |
|   178.60 um - 182.40 um |               6  |                0  |
|   182.40 um - 186.20 um |               5  |                0  |
|   186.20 um - 190.00 um |               6  |                0  |
|   190.00 um - 193.80 um |               4  |                0  |
|   193.80 um - 197.60 um |               8  |                0  |
|   197.60 um - 201.40 um |               6  |                0  |
|   201.40 um - 205.20 um |               4  |                0  |
|   205.20 um - 209.00 um |               5  |                0  |
|   209.00 um - 212.80 um |               7  |                0  |
|   212.80 um - 216.60 um |               2  |                0  |
|   216.60 um - 220.40 um |               7  |                0  |
|   220.40 um - 224.20 um |               2  |                0  |
|   224.20 um - 228.00 um |               2  |                0  |
|   228.00 um - 231.80 um |               1  |                0  |
|   231.80 um - 235.60 um |               2  |                0  |
|   235.60 um - 239.40 um |               3  |                0  |
|   243.20 um - 247.00 um |               4  |                0  |
|   247.00 um - 250.80 um |               2  |                0  |
|   254.60 um - 258.40 um |               2  |                0  |
|   258.40 um - 262.20 um |               3  |                0  |
|   262.20 um - 266.00 um |               1  |                0  |
|   266.00 um - 269.80 um |               3  |                0  |
|   269.80 um - 273.60 um |               1  |                0  |
|   273.60 um - 277.40 um |               1  |                0  |
|   277.40 um - 281.20 um |               1  |                0  |
|   281.20 um - 285.00 um |               1  |                0  |
|   285.00 um - 288.80 um |               1  |                0  |
|   288.80 um - 292.60 um |               4  |                0  |
|   292.60 um - 296.40 um |               3  |                0  |
|   296.40 um - 300.20 um |               3  |                0  |
|   304.00 um - 307.80 um |               6  |                0  |
|   307.80 um - 311.60 um |               3  |                0  |
|   315.40 um - 319.20 um |               1  |                0  |
|   319.20 um - 323.00 um |               1  |                0  |
|   330.60 um - 334.40 um |               2  |                0  |
|   334.40 um - 338.20 um |               1  |                0  |
|   342.00 um - 345.80 um |               2  |                0  |
|   345.80 um - 349.60 um |               1  |                0  |
|   349.60 um - 353.40 um |               1  |                0  |
|   353.40 um - 357.20 um |               6  |                0  |
|   357.20 um - 361.00 um |               4  |                0  |
|   361.00 um - 364.80 um |               1  |                0  |
|   364.80 um - 368.60 um |               1  |                0  |
|   368.60 um - 372.40 um |               2  |                0  |
| 752400.00 um - infinity |              20  |                0  |
+-------------------------+------------------+-------------------+


Total number of long connections = 0
Io: nrCon=0


