###############################################################
#  Generated by:      Cadence Innovus 20.10-p004_1
#  OS:                Linux x86_64(Host ID ic51)
#  Generated on:      Thu Oct 13 11:25:45 2022
#  Design:            aes
#  Command:           report_timing > timing.rpt
###############################################################
Path 1: VIOLATED Setup Check with Pin core_keymem_prev_key1_reg_reg[50]/CK 
Endpoint:   core_keymem_prev_key1_reg_reg[50]/D (^) checked with  leading edge 
of 'VCLK'
Beginpoint: keylen_reg_reg/QN                   (v) triggered by  leading edge 
of 'VCLK'
Path Groups: {VCLK}
Analysis View: generic_view
Other End Arrival Time          0.000
- Setup                         0.047
+ Phase Shift                   3.500
= Required Time                 3.453
- Arrival Time                  3.469
= Slack Time                   -0.016
     Clock Rise Edge                 0.000
     + Clock Network Latency (Ideal) 0.000
     = Beginpoint Arrival Time       0.000
     +-------------------------------------------------------------------------------------------+ 
     |             Instance              |     Arc      |   Cell    | Delay | Arrival | Required | 
     |                                   |              |           |       |  Time   |   Time   | 
     |-----------------------------------+--------------+-----------+-------+---------+----------| 
     | keylen_reg_reg                    | CK ^         |           |       |   0.000 |   -0.016 | 
     | keylen_reg_reg                    | CK ^ -> QN v | DFFR_X2   | 0.162 |   0.162 |    0.146 | 
     | core_keymem_g154400               | A2 v -> ZN v | OR2_X2    | 0.173 |   0.335 |    0.319 | 
     | FE_DBTC2_core_keymem_n_113821     | A v -> ZN ^  | INV_X2    | 0.422 |   0.757 |    0.741 | 
     | core_keymem_g154276               | A1 ^ -> ZN ^ | AND2_X1   | 0.285 |   1.042 |    1.026 | 
     | core_keymem_g154190               | A1 ^ -> ZN ^ | AND2_X1   | 0.910 |   1.952 |    1.936 | 
     | FE_OFC389_core_keymem_n_112107    | A ^ -> ZN v  | INV_X1    | 0.210 |   2.162 |    2.146 | 
     | core_keymem_g155224               | A1 v -> ZN ^ | NAND2_X1  | 1.141 |   3.303 |    3.287 | 
     | core_keymem_g152898               | C1 ^ -> ZN v | AOI221_X1 | 0.090 |   3.393 |    3.377 | 
     | core_keymem_g151590               | A v -> ZN ^  | OAI221_X1 | 0.076 |   3.469 |    3.453 | 
     | core_keymem_prev_key1_reg_reg[50] | D ^          | DFFR_X1   | 0.000 |   3.469 |    3.453 | 
     +-------------------------------------------------------------------------------------------+ 

