###############################################################
#  Generated by:      Cadence Innovus 20.10-p004_1
#  OS:                Linux x86_64(Host ID ic51)
#  Generated on:      Thu Oct 13 12:45:08 2022
#  Design:            aes
#  Command:           report_timing > timing.rpt
###############################################################
Path 1: VIOLATED Setup Check with Pin core_keymem_prev_key1_reg_reg[97]/CK 
Endpoint:   core_keymem_prev_key1_reg_reg[97]/D (^) checked with  leading edge 
of 'VCLK'
Beginpoint: keylen_reg_reg/QN                   (v) triggered by  leading edge 
of 'VCLK'
Path Groups: {VCLK}
Analysis View: generic_view
Other End Arrival Time          0.000
- Setup                         0.044
+ Phase Shift                   3.400
= Required Time                 3.356
- Arrival Time                  3.470
= Slack Time                   -0.114
     Clock Rise Edge                 0.000
     + Clock Network Latency (Ideal) 0.000
     = Beginpoint Arrival Time       0.000
     +-------------------------------------------------------------------------------------------+ 
     |             Instance              |     Arc      |   Cell    | Delay | Arrival | Required | 
     |                                   |              |           |       |  Time   |   Time   | 
     |-----------------------------------+--------------+-----------+-------+---------+----------| 
     | keylen_reg_reg                    | CK ^         |           |       |   0.000 |   -0.114 | 
     | keylen_reg_reg                    | CK ^ -> QN v | DFFR_X2   | 0.154 |   0.154 |    0.040 | 
     | core_keymem_g154400               | A2 v -> ZN v | OR2_X2    | 0.133 |   0.287 |    0.174 | 
     | FE_DBTC2_core_keymem_n_113821     | A v -> ZN ^  | INV_X2    | 0.479 |   0.766 |    0.652 | 
     | core_keymem_g154276               | A1 ^ -> ZN ^ | AND2_X1   | 0.265 |   1.031 |    0.917 | 
     | core_keymem_g154190               | A1 ^ -> ZN ^ | AND2_X1   | 0.858 |   1.890 |    1.776 | 
     | FE_OFC389_core_keymem_n_112107    | A ^ -> ZN v  | INV_X1    | 0.248 |   2.138 |    2.024 | 
     | core_keymem_g155224               | A1 v -> ZN ^ | NAND2_X1  | 1.151 |   3.289 |    3.175 | 
     | core_keymem_g152981               | C1 ^ -> ZN v | AOI221_X1 | 0.097 |   3.386 |    3.272 | 
     | core_keymem_g151922               | B v -> ZN ^  | OAI211_X1 | 0.084 |   3.470 |    3.356 | 
     | core_keymem_prev_key1_reg_reg[97] | D ^          | DFFR_X1   | 0.000 |   3.470 |    3.356 | 
     +-------------------------------------------------------------------------------------------+ 

