###############################################################
#  Generated by:      Cadence Innovus 20.10-p004_1
#  OS:                Linux x86_64(Host ID ic51)
#  Generated on:      Wed Oct  5 22:45:10 2022
#  Design:            aes
#  Command:           report_route -summary > route.rpt
###############################################################


Statistics for design aes :

+-------------------+----------+
|   Design Metric   |   Count  |
+-------------------+----------+
|   Instances       |   46691  |
|   Nets            |   18702  |
|   Tri-State Nets  |       0  |
|   Degen nets      |    2647  |
|   Pins            |   63071  |
|   I/O Terminals   |      76  |
+-------------------+----------+


Net Pin Statistics :

+------------------+----------------+---------------+
|     Number of    |    Number of   |   Percentage  |
|  Connected Pins  |      Nets      |    of Nets    |
+------------------+----------------+---------------+
|              1   |         2647   |      14.154   |
|              2   |         9083   |      48.567   |
|              3   |         3849   |      20.581   |
|              4   |         1019   |       5.449   |
|              5   |          785   |       1.754   |
|              6   |          328   |       1.754   |
|              7   |          140   |       0.749   |
|              8   |          106   |       0.567   |
|              9   |           81   |       0.433   |
|           >=10   |          664   |       3.550   |
+------------------+----------------+---------------+


Wire Length Statistics :

+----------------+-----------------+
|   Layer Name   |   Wire Length   |
+----------------+-----------------+
|     metal1     |     8413.85 um  |
|     metal2     |    90697.05 um  |
|     metal3     |   113506.87 um  |
|     metal4     |    53187.82 um  |
|     metal5     |    28239.98 um  |
|     metal6     |    15508.64 um  |
|     metal7     |      601.44 um  |
|     metal8     |      633.36 um  |
|     metal9     |        0.00 um  |
|    metal10     |        0.00 um  |
+----------------+-----------------+
|     Total      |  310789.010 um  |
+----------------+-----------------+


Via Count Statistics :

+----------------+---------+
|  Via-cut Name  |  Count  |
+----------------+---------+
|     VIA01      |      0  |
|     VIA12      |  62669  |
|     VIA23      |  48565  |
|     VIA34      |  10677  |
|     VIA45      |   2968  |
|     VIA56      |   1360  |
|     VIA67      |    106  |
|     VIA78      |     56  |
|     VIA89      |      0  |
|     VIA910     |      0  |
+----------------+---------+
|     Total      | 126401  |
+----------------+---------+




*** Net length and connection length statistics (cell aes) ***

Total net length = 229581.600 (117645.335 111936.265)

Avg net length = 12.276 (sigma = 29.213)
Sqrt of avg square net length = 31.687

Avg connection length = 4.883 (sigma = 6.246)
Sqrt of avg square connection length = 7.928

Net and connection length distribution:

+-------------------------+------------------+-------------------+
|                         |  Number of Nets  |   Number of Nets  |
|      Length Range       |       with       |        with       |
|                         |    Wire Length   |  Fly-line Length  |
+-------------------------+------------------+-------------------+
|       0.00 um - 3.80 um |            8586  |            11824  |
|       3.80 um - 7.60 um |            4408  |             4181  |
|      7.60 um - 11.40 um |            1702  |             1201  |
|     11.40 um - 15.20 um |             835  |              527  |
|     15.20 um - 19.00 um |             571  |              305  |
|     19.00 um - 22.80 um |             393  |              184  |
|     22.80 um - 26.60 um |             285  |              134  |
|     26.60 um - 30.40 um |             215  |               77  |
|     30.40 um - 34.20 um |             203  |               54  |
|     34.20 um - 38.00 um |             171  |               44  |
|     38.00 um - 41.80 um |             153  |               30  |
|     41.80 um - 45.60 um |             145  |               24  |
|     45.60 um - 49.40 um |             145  |               22  |
|     49.40 um - 53.20 um |             122  |               19  |
|     53.20 um - 57.00 um |              73  |               14  |
|     57.00 um - 60.80 um |              58  |               10  |
|     60.80 um - 64.60 um |              41  |               11  |
|     64.60 um - 68.40 um |              30  |                5  |
|     68.40 um - 72.20 um |              37  |                5  |
|     72.20 um - 76.00 um |              28  |                8  |
|     76.00 um - 79.80 um |              27  |               11  |
|     79.80 um - 83.60 um |              30  |                6  |
|     83.60 um - 87.40 um |              24  |                3  |
|     87.40 um - 91.20 um |              18  |                1  |
|     91.20 um - 95.00 um |              14  |                0  |
|     95.00 um - 98.80 um |              17  |                0  |
|    98.80 um - 102.60 um |              14  |                0  |
|   102.60 um - 106.40 um |              14  |                0  |
|   106.40 um - 110.20 um |              10  |                1  |
|   110.20 um - 114.00 um |              11  |                0  |
|   114.00 um - 117.80 um |               3  |                0  |
|   117.80 um - 121.60 um |              14  |                0  |
|   121.60 um - 125.40 um |               6  |                0  |
|   125.40 um - 129.20 um |               6  |                0  |
|   129.20 um - 133.00 um |              12  |                1  |
|   133.00 um - 136.80 um |               9  |                0  |
|   136.80 um - 140.60 um |               5  |                0  |
|   140.60 um - 144.40 um |               9  |                0  |
|   144.40 um - 148.20 um |              13  |                0  |
|   148.20 um - 152.00 um |              18  |                0  |
|   152.00 um - 155.80 um |              14  |                0  |
|   155.80 um - 159.60 um |              20  |                0  |
|   159.60 um - 163.40 um |              12  |                0  |
|   163.40 um - 167.20 um |              11  |                0  |
|   167.20 um - 171.00 um |               9  |                0  |
|   171.00 um - 174.80 um |               7  |                0  |
|   174.80 um - 178.60 um |              10  |                0  |
|   178.60 um - 182.40 um |               8  |                0  |
|   182.40 um - 186.20 um |              10  |                0  |
|   186.20 um - 190.00 um |               8  |                0  |
|   190.00 um - 193.80 um |               4  |                0  |
|   193.80 um - 197.60 um |               6  |                0  |
|   197.60 um - 201.40 um |               9  |                0  |
|   201.40 um - 205.20 um |               6  |                0  |
|   205.20 um - 209.00 um |               6  |                0  |
|   209.00 um - 212.80 um |               3  |                0  |
|   212.80 um - 216.60 um |               5  |                0  |
|   216.60 um - 220.40 um |               3  |                0  |
|   220.40 um - 224.20 um |               5  |                0  |
|   224.20 um - 228.00 um |               2  |                0  |
|   228.00 um - 231.80 um |               3  |                0  |
|   231.80 um - 235.60 um |               3  |                0  |
|   235.60 um - 239.40 um |               3  |                0  |
|   239.40 um - 243.20 um |               2  |                0  |
|   243.20 um - 247.00 um |               3  |                0  |
|   247.00 um - 250.80 um |               4  |                0  |
|   250.80 um - 254.60 um |               1  |                0  |
|   254.60 um - 258.40 um |               3  |                0  |
|   258.40 um - 262.20 um |               1  |                0  |
|   262.20 um - 266.00 um |               3  |                0  |
|   266.00 um - 269.80 um |               1  |                0  |
|   269.80 um - 273.60 um |               1  |                0  |
|   273.60 um - 277.40 um |               2  |                0  |
|   277.40 um - 281.20 um |               1  |                0  |
|   285.00 um - 288.80 um |               2  |                0  |
|   288.80 um - 292.60 um |               1  |                0  |
|   300.20 um - 304.00 um |               2  |                0  |
|   304.00 um - 307.80 um |               1  |                0  |
|   315.40 um - 319.20 um |               2  |                0  |
|   319.20 um - 323.00 um |               1  |                0  |
|   323.00 um - 326.80 um |               2  |                0  |
|   334.40 um - 338.20 um |               1  |                0  |
|   342.00 um - 345.80 um |               2  |                0  |
|   345.80 um - 349.60 um |               6  |                0  |
|   349.60 um - 353.40 um |               1  |                0  |
|   353.40 um - 357.20 um |               4  |                0  |
|   357.20 um - 361.00 um |               1  |                0  |
|   361.00 um - 364.80 um |               5  |                0  |
|   368.60 um - 372.40 um |               1  |                0  |
|   372.40 um - 376.20 um |               2  |                0  |
| 752400.00 um - infinity |               4  |                0  |
+-------------------------+------------------+-------------------+


Total number of long connections = 0
Io: nrCon=0


