###############################################################
#  Generated by:      Cadence Innovus 20.10-p004_1
#  OS:                Linux x86_64(Host ID ic51)
#  Generated on:      Wed Oct  5 21:21:12 2022
#  Design:            aes
#  Command:           report_route -summary > route.rpt
###############################################################


Statistics for design aes :

+-------------------+----------+
|   Design Metric   |   Count  |
+-------------------+----------+
|   Instances       |   46472  |
|   Nets            |   18702  |
|   Tri-State Nets  |       0  |
|   Degen nets      |    2647  |
|   Pins            |   63071  |
|   I/O Terminals   |      76  |
+-------------------+----------+


Net Pin Statistics :

+------------------+----------------+---------------+
|     Number of    |    Number of   |   Percentage  |
|  Connected Pins  |      Nets      |    of Nets    |
+------------------+----------------+---------------+
|              1   |         2647   |      14.154   |
|              2   |         9083   |      48.567   |
|              3   |         3849   |      20.581   |
|              4   |         1019   |       5.449   |
|              5   |          785   |       1.754   |
|              6   |          328   |       1.754   |
|              7   |          140   |       0.749   |
|              8   |          106   |       0.567   |
|              9   |           81   |       0.433   |
|           >=10   |          664   |       3.550   |
+------------------+----------------+---------------+


Wire Length Statistics :

+----------------+-----------------+
|   Layer Name   |   Wire Length   |
+----------------+-----------------+
|     metal1     |     8286.36 um  |
|     metal2     |    91746.40 um  |
|     metal3     |   114235.20 um  |
|     metal4     |    55477.66 um  |
|     metal5     |    27033.22 um  |
|     metal6     |    12758.20 um  |
|     metal7     |      264.04 um  |
|     metal8     |       26.88 um  |
|     metal9     |        0.00 um  |
|    metal10     |        0.00 um  |
+----------------+-----------------+
|     Total      |  309827.965 um  |
+----------------+-----------------+


Via Count Statistics :

+----------------+---------+
|  Via-cut Name  |  Count  |
+----------------+---------+
|     VIA01      |      0  |
|     VIA12      |  62718  |
|     VIA23      |  48850  |
|     VIA34      |  10487  |
|     VIA45      |   2727  |
|     VIA56      |   1106  |
|     VIA67      |     24  |
|     VIA78      |      4  |
|     VIA89      |      0  |
|     VIA910     |      0  |
+----------------+---------+
|     Total      | 125916  |
+----------------+---------+




*** Net length and connection length statistics (cell aes) ***

Total net length = 229070.152 (117638.960 111431.193)

Avg net length = 12.248 (sigma = 29.153)
Sqrt of avg square net length = 31.622

Avg connection length = 4.872 (sigma = 6.242)
Sqrt of avg square connection length = 7.918

Net and connection length distribution:

+-------------------------+------------------+-------------------+
|                         |  Number of Nets  |   Number of Nets  |
|      Length Range       |       with       |        with       |
|                         |    Wire Length   |  Fly-line Length  |
+-------------------------+------------------+-------------------+
|       0.00 um - 3.80 um |            8543  |            11802  |
|       3.80 um - 7.60 um |            4485  |             4200  |
|      7.60 um - 11.40 um |            1708  |             1248  |
|     11.40 um - 15.20 um |             797  |              492  |
|     15.20 um - 19.00 um |             534  |              282  |
|     19.00 um - 22.80 um |             420  |              214  |
|     22.80 um - 26.60 um |             304  |              123  |
|     26.60 um - 30.40 um |             193  |               71  |
|     30.40 um - 34.20 um |             211  |               54  |
|     34.20 um - 38.00 um |             173  |               43  |
|     38.00 um - 41.80 um |             176  |               31  |
|     41.80 um - 45.60 um |             150  |               19  |
|     45.60 um - 49.40 um |             133  |               25  |
|     49.40 um - 53.20 um |             115  |               22  |
|     53.20 um - 57.00 um |              64  |                9  |
|     57.00 um - 60.80 um |              56  |               11  |
|     60.80 um - 64.60 um |              48  |               17  |
|     64.60 um - 68.40 um |              26  |                4  |
|     68.40 um - 72.20 um |              35  |                4  |
|     72.20 um - 76.00 um |              26  |                6  |
|     76.00 um - 79.80 um |              30  |               13  |
|     79.80 um - 83.60 um |              26  |                7  |
|     83.60 um - 87.40 um |              29  |                2  |
|     87.40 um - 91.20 um |              13  |                1  |
|     91.20 um - 95.00 um |              19  |                0  |
|     95.00 um - 98.80 um |              20  |                0  |
|    98.80 um - 102.60 um |              11  |                0  |
|   102.60 um - 106.40 um |              10  |                0  |
|   106.40 um - 110.20 um |              12  |                2  |
|   110.20 um - 114.00 um |               8  |                0  |
|   114.00 um - 117.80 um |              13  |                0  |
|   117.80 um - 121.60 um |               7  |                0  |
|   121.60 um - 125.40 um |               9  |                0  |
|   125.40 um - 129.20 um |              10  |                0  |
|   129.20 um - 133.00 um |               9  |                0  |
|   133.00 um - 136.80 um |               8  |                0  |
|   136.80 um - 140.60 um |               4  |                0  |
|   140.60 um - 144.40 um |              10  |                0  |
|   144.40 um - 148.20 um |              16  |                0  |
|   148.20 um - 152.00 um |              15  |                0  |
|   152.00 um - 155.80 um |              13  |                0  |
|   155.80 um - 159.60 um |              21  |                0  |
|   159.60 um - 163.40 um |              13  |                0  |
|   163.40 um - 167.20 um |              12  |                0  |
|   167.20 um - 171.00 um |               5  |                0  |
|   171.00 um - 174.80 um |               8  |                0  |
|   174.80 um - 178.60 um |               9  |                0  |
|   178.60 um - 182.40 um |               8  |                0  |
|   182.40 um - 186.20 um |               8  |                0  |
|   186.20 um - 190.00 um |               8  |                0  |
|   190.00 um - 193.80 um |               6  |                0  |
|   193.80 um - 197.60 um |               9  |                0  |
|   197.60 um - 201.40 um |               9  |                0  |
|   201.40 um - 205.20 um |               6  |                0  |
|   205.20 um - 209.00 um |               4  |                0  |
|   209.00 um - 212.80 um |               3  |                0  |
|   212.80 um - 216.60 um |               2  |                0  |
|   216.60 um - 220.40 um |               5  |                0  |
|   220.40 um - 224.20 um |               4  |                0  |
|   224.20 um - 228.00 um |               3  |                0  |
|   228.00 um - 231.80 um |               6  |                0  |
|   231.80 um - 235.60 um |               1  |                0  |
|   235.60 um - 239.40 um |               3  |                0  |
|   239.40 um - 243.20 um |               3  |                0  |
|   243.20 um - 247.00 um |               3  |                0  |
|   247.00 um - 250.80 um |               4  |                0  |
|   250.80 um - 254.60 um |               2  |                0  |
|   254.60 um - 258.40 um |               1  |                0  |
|   258.40 um - 262.20 um |               2  |                0  |
|   262.20 um - 266.00 um |               3  |                0  |
|   269.80 um - 273.60 um |               1  |                0  |
|   273.60 um - 277.40 um |               2  |                0  |
|   277.40 um - 281.20 um |               1  |                0  |
|   281.20 um - 285.00 um |               1  |                0  |
|   285.00 um - 288.80 um |               1  |                0  |
|   288.80 um - 292.60 um |               1  |                0  |
|   296.40 um - 300.20 um |               1  |                0  |
|   300.20 um - 304.00 um |               1  |                0  |
|   304.00 um - 307.80 um |               1  |                0  |
|   315.40 um - 319.20 um |               3  |                0  |
|   319.20 um - 323.00 um |               2  |                0  |
|   338.20 um - 342.00 um |               3  |                0  |
|   342.00 um - 345.80 um |               2  |                0  |
|   345.80 um - 349.60 um |               5  |                0  |
|   349.60 um - 353.40 um |               2  |                0  |
|   353.40 um - 357.20 um |               2  |                0  |
|   357.20 um - 361.00 um |               3  |                0  |
|   361.00 um - 364.80 um |               3  |                0  |
|   368.60 um - 372.40 um |               1  |                0  |
|   372.40 um - 376.20 um |               5  |                0  |
| 752400.00 um - infinity |               1  |                0  |
+-------------------------+------------------+-------------------+


Total number of long connections = 0
Io: nrCon=0


