###############################################################
#  Generated by:      Cadence Innovus 20.10-p004_1
#  OS:                Linux x86_64(Host ID ic51)
#  Generated on:      Thu Oct 13 11:36:22 2022
#  Design:            aes
#  Command:           report_timing > timing.rpt
###############################################################
Path 1: VIOLATED Setup Check with Pin core_keymem_prev_key1_reg_reg[118]/CK 
Endpoint:   core_keymem_prev_key1_reg_reg[118]/D (^) checked with  leading edge 
of 'VCLK'
Beginpoint: keylen_reg_reg/QN                    (v) triggered by  leading edge 
of 'VCLK'
Path Groups: {VCLK}
Analysis View: generic_view
Other End Arrival Time          0.000
- Setup                         0.045
+ Phase Shift                   3.400
= Required Time                 3.355
- Arrival Time                  3.656
= Slack Time                   -0.300
     Clock Rise Edge                 0.000
     + Clock Network Latency (Ideal) 0.000
     = Beginpoint Arrival Time       0.000
     +--------------------------------------------------------------------------------------------+ 
     |              Instance              |     Arc      |   Cell    | Delay | Arrival | Required | 
     |                                    |              |           |       |  Time   |   Time   | 
     |------------------------------------+--------------+-----------+-------+---------+----------| 
     | keylen_reg_reg                     | CK ^         |           |       |   0.000 |   -0.300 | 
     | keylen_reg_reg                     | CK ^ -> QN v | DFFR_X2   | 0.164 |   0.164 |   -0.136 | 
     | core_keymem_g154400                | A2 v -> ZN v | OR2_X2    | 0.162 |   0.326 |    0.026 | 
     | FE_DBTC2_core_keymem_n_113821      | A v -> ZN ^  | INV_X2    | 0.452 |   0.778 |    0.478 | 
     | core_keymem_g154276                | A1 ^ -> ZN ^ | AND2_X1   | 0.189 |   0.967 |    0.667 | 
     | core_keymem_g154190                | A1 ^ -> ZN ^ | AND2_X1   | 0.897 |   1.864 |    1.564 | 
     | FE_OFC389_core_keymem_n_112107     | A ^ -> ZN v  | INV_X1    | 0.346 |   2.210 |    1.910 | 
     | core_keymem_g155224                | A1 v -> ZN ^ | NAND2_X1  | 1.255 |   3.465 |    3.165 | 
     | core_keymem_g152326                | B1 ^ -> ZN v | AOI221_X1 | 0.117 |   3.582 |    3.282 | 
     | core_keymem_g151570                | A v -> ZN ^  | OAI221_X1 | 0.074 |   3.656 |    3.355 | 
     | core_keymem_prev_key1_reg_reg[118] | D ^          | DFFR_X1   | 0.000 |   3.656 |    3.355 | 
     +--------------------------------------------------------------------------------------------+ 

